{"D:\\Carbon-Credit-Trading-Platform-for-Electric-Vehicle-Owners\\services\\user-service\\src\\config\\database.ts": {"path":"D:\\Carbon-Credit-Trading-Platform-for-Electric-Vehicle-Owners\\services\\user-service\\src\\config\\database.ts","statementMap":{"0":{"start":{"line":1,"column":0},"end":{"line":1,"column":26}},"1":{"start":{"line":3,"column":13},"end":{"line":12,"column":2}},"2":{"start":{"line":14,"column":31},"end":{"line":27,"column":1}},"3":{"start":{"line":15,"column":2},"end":{"line":26,"column":3}},"4":{"start":{"line":16,"column":19},"end":{"line":16,"column":39}},"5":{"start":{"line":17,"column":4},"end":{"line":17,"column":54}},"6":{"start":{"line":20,"column":4},"end":{"line":20,"column":31}},"7":{"start":{"line":22,"column":4},"end":{"line":22,"column":21}},"8":{"start":{"line":24,"column":4},"end":{"line":24,"column":57}},"9":{"start":{"line":25,"column":4},"end":{"line":25,"column":16}},"10":{"start":{"line":14,"column":13},"end":{"line":14,"column":31}},"11":{"start":{"line":29,"column":21},"end":{"line":49,"column":1}},"12":{"start":{"line":30,"column":27},"end":{"line":45,"column":4}},"13":{"start":{"line":47,"column":2},"end":{"line":47,"column":39}},"14":{"start":{"line":48,"column":2},"end":{"line":48,"column":48}},"15":{"start":{"line":51,"column":21},"end":{"line":53,"column":1}},"16":{"start":{"line":52,"column":2},"end":{"line":52,"column":34}},"17":{"start":{"line":51,"column":13},"end":{"line":51,"column":21}},"18":{"start":{"line":55,"column":0},"end":{"line":55,"column":20}}},"fnMap":{"0":{"name":"(anonymous_0)","decl":{"start":{"line":14,"column":31},"end":{"line":14,"column":36}},"loc":{"start":{"line":14,"column":57},"end":{"line":27,"column":1}}},"1":{"name":"(anonymous_1)","decl":{"start":{"line":29,"column":21},"end":{"line":29,"column":26}},"loc":{"start":{"line":29,"column":58},"end":{"line":49,"column":1}}},"2":{"name":"(anonymous_2)","decl":{"start":{"line":51,"column":21},"end":{"line":51,"column":22}},"loc":{"start":{"line":51,"column":54},"end":{"line":53,"column":1}}}},"branchMap":{"0":{"loc":{"start":{"line":4,"column":8},"end":{"line":4,"column":42}},"type":"binary-expr","locations":[{"start":{"line":4,"column":8},"end":{"line":4,"column":27}},{"start":{"line":4,"column":31},"end":{"line":4,"column":42}}]},"1":{"loc":{"start":{"line":5,"column":17},"end":{"line":5,"column":46}},"type":"binary-expr","locations":[{"start":{"line":5,"column":17},"end":{"line":5,"column":36}},{"start":{"line":5,"column":40},"end":{"line":5,"column":46}}]},"2":{"loc":{"start":{"line":6,"column":12},"end":{"line":6,"column":52}},"type":"binary-expr","locations":[{"start":{"line":6,"column":12},"end":{"line":6,"column":31}},{"start":{"line":6,"column":35},"end":{"line":6,"column":52}}]},"3":{"loc":{"start":{"line":7,"column":8},"end":{"line":7,"column":38}},"type":"binary-expr","locations":[{"start":{"line":7,"column":8},"end":{"line":7,"column":27}},{"start":{"line":7,"column":31},"end":{"line":7,"column":38}}]},"4":{"loc":{"start":{"line":8,"column":12},"end":{"line":8,"column":50}},"type":"binary-expr","locations":[{"start":{"line":8,"column":12},"end":{"line":8,"column":35}},{"start":{"line":8,"column":39},"end":{"line":8,"column":50}}]}},"s":{"0":0,"1":0,"2":0,"3":0,"4":0,"5":0,"6":0,"7":0,"8":0,"9":0,"10":0,"11":0,"12":0,"13":0,"14":0,"15":0,"16":0,"17":0,"18":0},"f":{"0":0,"1":0,"2":0},"b":{"0":[0,0],"1":[0,0],"2":[0,0],"3":[0,0],"4":[0,0]}}
,"D:\\Carbon-Credit-Trading-Platform-for-Electric-Vehicle-Owners\\services\\user-service\\src\\controllers\\auth.controller.ts": {"path":"D:\\Carbon-Credit-Trading-Platform-for-Electric-Vehicle-Owners\\services\\user-service\\src\\controllers\\auth.controller.ts","statementMap":{"0":{"start":{"line":2,"column":0},"end":{"line":2,"column":30}},"1":{"start":{"line":3,"column":0},"end":{"line":3,"column":31}},"2":{"start":{"line":4,"column":0},"end":{"line":4,"column":43}},"3":{"start":{"line":5,"column":0},"end":{"line":5,"column":75}},"4":{"start":{"line":7,"column":24},"end":{"line":77,"column":1}},"5":{"start":{"line":8,"column":2},"end":{"line":76,"column":3}},"6":{"start":{"line":10,"column":29},"end":{"line":10,"column":62}},"7":{"start":{"line":11,"column":4},"end":{"line":17,"column":5}},"8":{"start":{"line":12,"column":6},"end":{"line":16,"column":9}},"9":{"start":{"line":15,"column":39},"end":{"line":15,"column":48}},"10":{"start":{"line":19,"column":56},"end":{"line":19,"column":61}},"11":{"start":{"line":22,"column":25},"end":{"line":24,"column":null}},"12":{"start":{"line":27,"column":4},"end":{"line":32,"column":5}},"13":{"start":{"line":28,"column":6},"end":{"line":31,"column":9}},"14":{"start":{"line":35,"column":17},"end":{"line":35,"column":41}},"15":{"start":{"line":36,"column":26},"end":{"line":36,"column":59}},"16":{"start":{"line":39,"column":19},"end":{"line":43,"column":null}},"17":{"start":{"line":46,"column":17},"end":{"line":46,"column":31}},"18":{"start":{"line":49,"column":18},"end":{"line":56,"column":null}},"19":{"start":{"line":59,"column":4},"end":{"line":73,"column":7}},"20":{"start":{"line":75,"column":4},"end":{"line":75,"column":16}},"21":{"start":{"line":7,"column":13},"end":{"line":7,"column":24}},"22":{"start":{"line":79,"column":21},"end":{"line":145,"column":1}},"23":{"start":{"line":80,"column":2},"end":{"line":144,"column":3}},"24":{"start":{"line":82,"column":29},"end":{"line":82,"column":59}},"25":{"start":{"line":83,"column":4},"end":{"line":89,"column":5}},"26":{"start":{"line":84,"column":6},"end":{"line":88,"column":9}},"27":{"start":{"line":87,"column":39},"end":{"line":87,"column":48}},"28":{"start":{"line":91,"column":32},"end":{"line":91,"column":37}},"29":{"start":{"line":94,"column":19},"end":{"line":96,"column":null}},"30":{"start":{"line":99,"column":4},"end":{"line":104,"column":5}},"31":{"start":{"line":100,"column":6},"end":{"line":103,"column":9}},"32":{"start":{"line":106,"column":17},"end":{"line":106,"column":31}},"33":{"start":{"line":109,"column":28},"end":{"line":109,"column":78}},"34":{"start":{"line":110,"column":4},"end":{"line":115,"column":5}},"35":{"start":{"line":111,"column":6},"end":{"line":114,"column":9}},"36":{"start":{"line":118,"column":18},"end":{"line":125,"column":null}},"37":{"start":{"line":128,"column":4},"end":{"line":141,"column":7}},"38":{"start":{"line":143,"column":4},"end":{"line":143,"column":16}},"39":{"start":{"line":79,"column":13},"end":{"line":79,"column":21}}},"fnMap":{"0":{"name":"(anonymous_1)","decl":{"start":{"line":7,"column":24},"end":{"line":7,"column":29}},"loc":{"start":{"line":7,"column":82},"end":{"line":77,"column":1}}},"1":{"name":"(anonymous_2)","decl":{"start":{"line":15,"column":34},"end":{"line":15,"column":35}},"loc":{"start":{"line":15,"column":39},"end":{"line":15,"column":48}}},"2":{"name":"(anonymous_3)","decl":{"start":{"line":79,"column":21},"end":{"line":79,"column":26}},"loc":{"start":{"line":79,"column":79},"end":{"line":145,"column":1}}},"3":{"name":"(anonymous_4)","decl":{"start":{"line":87,"column":34},"end":{"line":87,"column":35}},"loc":{"start":{"line":87,"column":39},"end":{"line":87,"column":48}}}},"branchMap":{"0":{"loc":{"start":{"line":11,"column":4},"end":{"line":17,"column":5}},"type":"if","locations":[{"start":{"line":11,"column":4},"end":{"line":17,"column":5}}]},"1":{"loc":{"start":{"line":27,"column":4},"end":{"line":32,"column":5}},"type":"if","locations":[{"start":{"line":27,"column":4},"end":{"line":32,"column":5}}]},"2":{"loc":{"start":{"line":43,"column":35},"end":{"line":43,"column":52}},"type":"binary-expr","locations":[{"start":{"line":43,"column":35},"end":{"line":43,"column":44}},{"start":{"line":43,"column":48},"end":{"line":43,"column":52}}]},"3":{"loc":{"start":{"line":43,"column":54},"end":{"line":43,"column":67}},"type":"binary-expr","locations":[{"start":{"line":43,"column":54},"end":{"line":43,"column":59}},{"start":{"line":43,"column":63},"end":{"line":43,"column":67}}]},"4":{"loc":{"start":{"line":55,"column":6},"end":{"line":55,"column":48}},"type":"binary-expr","locations":[{"start":{"line":55,"column":6},"end":{"line":55,"column":28}},{"start":{"line":55,"column":32},"end":{"line":55,"column":48}}]},"5":{"loc":{"start":{"line":56,"column":19},"end":{"line":56,"column":54}},"type":"binary-expr","locations":[{"start":{"line":56,"column":19},"end":{"line":56,"column":45}},{"start":{"line":56,"column":49},"end":{"line":56,"column":54}}]},"6":{"loc":{"start":{"line":83,"column":4},"end":{"line":89,"column":5}},"type":"if","locations":[{"start":{"line":83,"column":4},"end":{"line":89,"column":5}}]},"7":{"loc":{"start":{"line":99,"column":4},"end":{"line":104,"column":5}},"type":"if","locations":[{"start":{"line":99,"column":4},"end":{"line":104,"column":5}}]},"8":{"loc":{"start":{"line":110,"column":4},"end":{"line":115,"column":5}},"type":"if","locations":[{"start":{"line":110,"column":4},"end":{"line":115,"column":5}}]},"9":{"loc":{"start":{"line":124,"column":6},"end":{"line":124,"column":48}},"type":"binary-expr","locations":[{"start":{"line":124,"column":6},"end":{"line":124,"column":28}},{"start":{"line":124,"column":32},"end":{"line":124,"column":48}}]},"10":{"loc":{"start":{"line":125,"column":19},"end":{"line":125,"column":54}},"type":"binary-expr","locations":[{"start":{"line":125,"column":19},"end":{"line":125,"column":45}},{"start":{"line":125,"column":49},"end":{"line":125,"column":54}}]}},"s":{"0":0,"1":0,"2":0,"3":0,"4":0,"5":0,"6":0,"7":0,"8":0,"9":0,"10":0,"11":0,"12":0,"13":0,"14":0,"15":0,"16":0,"17":0,"18":0,"19":0,"20":0,"21":0,"22":0,"23":0,"24":0,"25":0,"26":0,"27":0,"28":0,"29":0,"30":0,"31":0,"32":0,"33":0,"34":0,"35":0,"36":0,"37":0,"38":0,"39":0},"f":{"0":0,"1":0,"2":0,"3":0},"b":{"0":[0],"1":[0],"2":[0,0],"3":[0,0],"4":[0,0],"5":[0,0],"6":[0],"7":[0],"8":[0],"9":[0,0],"10":[0,0]}}
,"D:\\Carbon-Credit-Trading-Platform-for-Electric-Vehicle-Owners\\services\\user-service\\src\\middleware\\error.middleware.ts": {"path":"D:\\Carbon-Credit-Trading-Platform-for-Electric-Vehicle-Owners\\services\\user-service\\src\\middleware\\error.middleware.ts","statementMap":{"0":{"start":{"line":3,"column":28},"end":{"line":19,"column":1}},"1":{"start":{"line":9,"column":2},"end":{"line":9,"column":31}},"2":{"start":{"line":11,"column":21},"end":{"line":11,"column":42}},"3":{"start":{"line":12,"column":18},"end":{"line":12,"column":56}},"4":{"start":{"line":14,"column":2},"end":{"line":18,"column":5}},"5":{"start":{"line":3,"column":13},"end":{"line":3,"column":28}}},"fnMap":{"0":{"name":"(anonymous_0)","decl":{"start":{"line":3,"column":28},"end":{"line":3,"column":null}},"loc":{"start":{"line":8,"column":4},"end":{"line":19,"column":1}}}},"branchMap":{"0":{"loc":{"start":{"line":11,"column":21},"end":{"line":11,"column":42}},"type":"binary-expr","locations":[{"start":{"line":11,"column":21},"end":{"line":11,"column":35}},{"start":{"line":11,"column":39},"end":{"line":11,"column":42}}]},"1":{"loc":{"start":{"line":12,"column":18},"end":{"line":12,"column":56}},"type":"binary-expr","locations":[{"start":{"line":12,"column":18},"end":{"line":12,"column":29}},{"start":{"line":12,"column":33},"end":{"line":12,"column":56}}]},"2":{"loc":{"start":{"line":17,"column":8},"end":{"line":17,"column":70}},"type":"binary-expr","locations":[{"start":{"line":17,"column":8},"end":{"line":17,"column":46}},{"start":{"line":17,"column":50},"end":{"line":17,"column":70}}]}},"s":{"0":0,"1":0,"2":0,"3":0,"4":0,"5":0},"f":{"0":0},"b":{"0":[0,0],"1":[0,0],"2":[0,0]}}
,"D:\\Carbon-Credit-Trading-Platform-for-Electric-Vehicle-Owners\\services\\user-service\\src\\routes\\auth.routes.ts": {"path":"D:\\Carbon-Credit-Trading-Platform-for-Electric-Vehicle-Owners\\services\\user-service\\src\\routes\\auth.routes.ts","statementMap":{"0":{"start":{"line":1,"column":0},"end":{"line":1,"column":33}},"1":{"start":{"line":2,"column":0},"end":{"line":2,"column":65}},"2":{"start":{"line":4,"column":15},"end":{"line":4,"column":23}},"3":{"start":{"line":11,"column":0},"end":{"line":11,"column":35}},"4":{"start":{"line":18,"column":0},"end":{"line":18,"column":29}},"5":{"start":{"line":20,"column":0},"end":{"line":20,"column":22}}},"fnMap":{},"branchMap":{},"s":{"0":0,"1":0,"2":0,"3":0,"4":0,"5":0},"f":{},"b":{}}
,"D:\\Carbon-Credit-Trading-Platform-for-Electric-Vehicle-Owners\\services\\user-service\\src\\validators\\auth.validator.ts": {"path":"D:\\Carbon-Credit-Trading-Platform-for-Electric-Vehicle-Owners\\services\\user-service\\src\\validators\\auth.validator.ts","statementMap":{"0":{"start":{"line":1,"column":0},"end":{"line":1,"column":22}},"1":{"start":{"line":3,"column":13},"end":{"line":41,"column":3}},"2":{"start":{"line":43,"column":13},"end":{"line":57,"column":3}}},"fnMap":{},"branchMap":{},"s":{"0":0,"1":0,"2":0},"f":{},"b":{}}
}
